<?xml version="1.0" encoding="UTF-8"?>
<testng-results skipped="0" failed="0" ignored="0" total="1" passed="1">
  <reporter-output>
  </reporter-output>
  <suite name="Default suite" duration-ms="1864" started-at="2019-02-23T08:29:08Z" finished-at="2019-02-23T08:29:10Z">
    <groups>
    </groups>
    <test name="Default test" duration-ms="1864" started-at="2019-02-23T08:29:08Z" finished-at="2019-02-23T08:29:10Z">
      <class name="Try5_POST_XML">
        <test-method status="PASS" signature="postData()[pri:0, instance:Try5_POST_XML@1e88b3c]" name="postData" duration-ms="1834" started-at="2019-02-23T08:29:08Z" finished-at="2019-02-23T08:29:10Z">
          <reporter-output>
          </reporter-output>
        </test-method> <!-- postData -->
      </class> <!-- Try5_POST_XML -->
    </test> <!-- Default test -->
  </suite> <!-- Default suite -->
</testng-results>
