<?xml version="1.0" encoding="UTF-8"?>
<testng-results skipped="0" failed="0" ignored="0" total="1" passed="1">
  <reporter-output>
  </reporter-output>
  <suite name="Default suite" duration-ms="3136" started-at="2019-02-10T18:47:29Z" finished-at="2019-02-10T18:47:32Z">
    <groups>
    </groups>
    <test name="Default test" duration-ms="3136" started-at="2019-02-10T18:47:29Z" finished-at="2019-02-10T18:47:32Z">
      <class name="Try3">
        <test-method status="PASS" signature="Add_and_Delete_Place()[pri:0, instance:Try3@1e88b3c]" name="Add_and_Delete_Place" duration-ms="3109" started-at="2019-02-10T18:47:29Z" finished-at="2019-02-10T18:47:32Z">
          <reporter-output>
          </reporter-output>
        </test-method> <!-- Add_and_Delete_Place -->
      </class> <!-- Try3 -->
    </test> <!-- Default test -->
  </suite> <!-- Default suite -->
</testng-results>
